[2025-11-15 05:01:36] Create payment request
Data: {
    "bookingId": 303,
    "orderId": "WEGO_303_1763179296",
    "amount": 2580000,
    "requestData": {
        "partnerCode": "MOMOBKUN20180529",
        "partnerName": "WeGo Travel",
        "storeId": "WeGoStore",
        "requestId": "1763179296_303",
        "amount": 2580000,
        "orderId": "WEGO_303_1763179296",
        "orderInfo": "WeGo - BK20251115018929 - Homestay bể bơi - Hà Nội #5",
        "redirectUrl": "http:\/\/localhost\/payment\/momo-return.php",
        "ipnUrl": "http:\/\/localhost\/payment\/momo-ipn.php",
        "lang": "vi",
        "extraData": "{\"booking_id\":303,\"booking_code\":\"BK20251115018929\",\"user_name\":\"huytrong13\",\"user_email\":\"hytrongbeou@gmail.com\"}",
        "requestType": "captureWallet",
        "signature": "9d3dbd13a2c396421a38738068dec13c06d0b22be79aa35434717e7cda49c08b"
    }
}
--------------------------------------------------------------------------------
[2025-11-15 05:01:36] Create payment response
Data: {
    "partnerCode": "MOMOBKUN20180529",
    "orderId": "WEGO_303_1763179296",
    "requestId": "1763179296_303",
    "amount": 2580000,
    "responseTime": 1763179297172,
    "message": "Thành công.",
    "resultCode": 0,
    "payUrl": "https:\/\/test-payment.momo.vn\/v2\/gateway\/pay?t=TU9NT0JLVU4yMDE4MDUyOXxXRUdPXzMwM18xNzYzMTc5Mjk2&s=dce93bce29363ca59e45432690199de6b305f1c5509d44f4b48e4811f8cd032a",
    "deeplink": "momo:\/\/app?action=payWithApp&isScanQR=false&serviceType=app&sid=TU9NT0JLVU4yMDE4MDUyOXxXRUdPXzMwM18xNzYzMTc5Mjk2&v=3.0",
    "qrCodeUrl": "00020101021226110007vn.momo38620010A00000072701320006970454011899MM25319O000000190208QRIBFTTA5303704540725800005802VN62450515MMTEPt6KBLBVIQR0822WeGo  BK202511150189296304D800",
    "applink": "https:\/\/test-applinks.momo.vn\/payment\/v2?action=payWithApp&isScanQR=false&serviceType=app&sid=TU9NT0JLVU4yMDE4MDUyOXxXRUdPXzMwM18xNzYzMTc5Mjk2&v=3.0&deeplinkCallback=http%3A%2F%2Flocalhost%2Fpayment%2Fmomo-return.php&callBackUrl=http%3A%2F%2Flocalhost%2Fpayment%2Fmomo-return.php",
    "deeplinkMiniApp": "momo:\/\/app?action=payWithApp&isScanQR=false&serviceType=miniapp&sid=TU9NT0JLVU4yMDE4MDUyOXxXRUdPXzMwM18xNzYzMTc5Mjk2&v=3.0",
    "signature": "847080b543d683afd9881056512022fd61261af7e6d0bc4751fa33f29197fd20"
}
--------------------------------------------------------------------------------
[2025-11-15 05:02:44] Create payment request
Data: {
    "bookingId": 304,
    "orderId": "WEGO_304_1763179364",
    "amount": 1055000,
    "requestData": {
        "partnerCode": "MOMOBKUN20180529",
        "partnerName": "WeGo Travel",
        "storeId": "WeGoStore",
        "requestId": "1763179364_304",
        "amount": 1055000,
        "orderId": "WEGO_304_1763179364",
        "orderInfo": "WeGo - BK202511154AF09A - Căn hộ gần biển - Sơn La #405",
        "redirectUrl": "http:\/\/localhost\/payment\/momo-return.php",
        "ipnUrl": "http:\/\/localhost\/payment\/momo-ipn.php",
        "lang": "vi",
        "extraData": "{\"booking_id\":304,\"booking_code\":\"BK202511154AF09A\",\"user_name\":\"huytrong13\",\"user_email\":\"hytrongbeou@gmail.com\"}",
        "requestType": "captureWallet",
        "signature": "a9b88c1b8fbaaa56c635be04b8bd173d6a398194ceeeffafba993b4b5530edb8"
    }
}
--------------------------------------------------------------------------------
[2025-11-15 05:02:44] Create payment response
Data: {
    "partnerCode": "MOMOBKUN20180529",
    "orderId": "WEGO_304_1763179364",
    "requestId": "1763179364_304",
    "amount": 1055000,
    "responseTime": 1763179365415,
    "message": "Thành công.",
    "resultCode": 0,
    "payUrl": "https:\/\/test-payment.momo.vn\/v2\/gateway\/pay?t=TU9NT0JLVU4yMDE4MDUyOXxXRUdPXzMwNF8xNzYzMTc5MzY0&s=ea0a134ae84230d3704ffb5ce4535f8672e4bb7fea84ddb91f4a430b8c053035",
    "deeplink": "momo:\/\/app?action=payWithApp&isScanQR=false&serviceType=app&sid=TU9NT0JLVU4yMDE4MDUyOXxXRUdPXzMwNF8xNzYzMTc5MzY0&v=3.0",
    "qrCodeUrl": "00020101021226110007vn.momo38630010A000000727013300069710250119PMC25319000000000170208QRIBFTTA5303704540710550005802VN62450515MMTtHsRaUT4lnQR0822WeGo  BK202511154AF09A63044360",
    "applink": "https:\/\/test-applinks.momo.vn\/payment\/v2?action=payWithApp&isScanQR=false&serviceType=app&sid=TU9NT0JLVU4yMDE4MDUyOXxXRUdPXzMwNF8xNzYzMTc5MzY0&v=3.0&deeplinkCallback=http%3A%2F%2Flocalhost%2Fpayment%2Fmomo-return.php&callBackUrl=http%3A%2F%2Flocalhost%2Fpayment%2Fmomo-return.php",
    "deeplinkMiniApp": "momo:\/\/app?action=payWithApp&isScanQR=false&serviceType=miniapp&sid=TU9NT0JLVU4yMDE4MDUyOXxXRUdPXzMwNF8xNzYzMTc5MzY0&v=3.0",
    "signature": "20820206d843043d99a357dcb837f0bb8d0af00a8b128a1f0c4127f3a63d2fd7"
}
--------------------------------------------------------------------------------
[2025-11-15 05:04:48] Create payment request
Data: {
    "bookingId": 305,
    "orderId": "WEGO_305_1763179488",
    "amount": 1910000,
    "requestData": {
        "partnerCode": "MOMOBKUN20180529",
        "partnerName": "WeGo Travel",
        "storeId": "WeGoStore",
        "requestId": "1763179488_305",
        "amount": 1910000,
        "orderId": "WEGO_305_1763179488",
        "orderInfo": "WeGo - BK20251115003CAA - Biệt thự trung tâm - Sơn La #427",
        "redirectUrl": "http:\/\/localhost\/payment\/momo-return.php",
        "ipnUrl": "http:\/\/localhost\/payment\/momo-ipn.php",
        "lang": "vi",
        "extraData": "{\"booking_id\":305,\"booking_code\":\"BK20251115003CAA\",\"user_name\":\"huytrong13\",\"user_email\":\"hytrongbeou@gmail.com\"}",
        "requestType": "captureWallet",
        "signature": "e0d0f48f1ae62d75a375fbf4010b7eabe046be9872f1d9879b345e12c5b6ab03"
    }
}
--------------------------------------------------------------------------------
[2025-11-15 05:04:50] Create payment response
Data: {
    "partnerCode": "MOMOBKUN20180529",
    "orderId": "WEGO_305_1763179488",
    "requestId": "1763179488_305",
    "amount": 1910000,
    "responseTime": 1763179490786,
    "message": "Thành công.",
    "resultCode": 0,
    "payUrl": "https:\/\/test-payment.momo.vn\/v2\/gateway\/pay?t=TU9NT0JLVU4yMDE4MDUyOXxXRUdPXzMwNV8xNzYzMTc5NDg4&s=4d4655cf6c3df5440acfa19af115cdecef9e205fd771234757dcf41a4b58241b",
    "deeplink": "momo:\/\/app?action=payWithApp&isScanQR=false&serviceType=app&sid=TU9NT0JLVU4yMDE4MDUyOXxXRUdPXzMwNV8xNzYzMTc5NDg4&v=3.0",
    "qrCodeUrl": "00020101021226110007vn.momo38620010A00000072701320006970454011899MM25319O000000200208QRIBFTTA5303704540719100005802VN62450515MMTYLcprLywh6QR0822WeGo  BK20251115003CAA63042086",
    "applink": "https:\/\/test-applinks.momo.vn\/payment\/v2?action=payWithApp&isScanQR=false&serviceType=app&sid=TU9NT0JLVU4yMDE4MDUyOXxXRUdPXzMwNV8xNzYzMTc5NDg4&v=3.0&deeplinkCallback=http%3A%2F%2Flocalhost%2Fpayment%2Fmomo-return.php&callBackUrl=http%3A%2F%2Flocalhost%2Fpayment%2Fmomo-return.php",
    "deeplinkMiniApp": "momo:\/\/app?action=payWithApp&isScanQR=false&serviceType=miniapp&sid=TU9NT0JLVU4yMDE4MDUyOXxXRUdPXzMwNV8xNzYzMTc5NDg4&v=3.0",
    "signature": "4f64cf7fef499e5c263d0dc045d27713ac1eeb4e345dfcd12b831723c8d2b0e9"
}
--------------------------------------------------------------------------------
[2025-11-15 05:36:09] Return URL accessed
Data: {
    "GET": {
        "partnerCode": "MOMOBKUN20180529",
        "orderId": "WEGO_305_1763179488",
        "requestId": "1763179488_305",
        "amount": "1910000",
        "orderInfo": "WeGo - BK20251115003CAA - Biệt thự trung tâm - Sơn La #427",
        "orderType": "momo_wallet",
        "transId": "4611709730",
        "resultCode": "0",
        "message": "Thành công.",
        "payType": "aio_qr",
        "responseTime": "1763181366451",
        "extraData": "{\"booking_id\":305,\"booking_code\":\"BK20251115003CAA\",\"user_name\":\"huytrong13\",\"user_email\":\"hytrongbeou@gmail.com\"}",
        "signature": "d0204c32d8231f8cc92d9b48f8bb3343224be77f691d21d5e07541c3697fb69e"
    },
    "session_user_id": "86"
}
--------------------------------------------------------------------------------
[2025-11-15 05:36:09] Verify signature
Data: {
    "momoSignature": "d0204c32d8231f8cc92d9b48f8bb3343224be77f691d21d5e07541c3697fb69e",
    "partnerSignature": "d0204c32d8231f8cc92d9b48f8bb3343224be77f691d21d5e07541c3697fb69e",
    "isValid": true,
    "rawHash": "accessKey=klm05TvNBzhg7h7j&amount=1910000&extraData={\"booking_id\":305,\"booking_code\":\"BK20251115003CAA\",\"user_name\":\"huytrong13\",\"user_email\":\"hytrongbeou@gmail.com\"}&message=Thành công.&orderId=WEGO_305_1763179488&orderInfo=WeGo - BK20251115003CAA - Biệt thự trung tâm - Sơn La #427&orderType=momo_wallet&partnerCode=MOMOBKUN20180529&payType=aio_qr&requestId=1763179488_305&responseTime=1763181366451&resultCode=0&transId=4611709730"
}
--------------------------------------------------------------------------------
[2025-11-15 05:36:09] Return URL - Payment successful
Data: {
    "bookingId": 305,
    "orderId": "WEGO_305_1763179488",
    "transId": "4611709730",
    "amount": "1910000"
}
--------------------------------------------------------------------------------
[2025-11-17 06:58:47] Create payment request
Data: {
    "bookingId": 306,
    "orderId": "WEGO_306_1763359127",
    "amount": 1680000,
    "requestData": {
        "partnerCode": "MOMOBKUN20180529",
        "partnerName": "WeGo Travel",
        "storeId": "WeGoStore",
        "requestId": "1763359127_306",
        "amount": 1680000,
        "orderId": "WEGO_306_1763359127",
        "orderInfo": "WeGo - BK20251117713476 - Studio bể bơi - Cao Bằng #141",
        "redirectUrl": "http:\/\/localhost\/payment\/momo-return.php",
        "ipnUrl": "http:\/\/localhost\/payment\/momo-ipn.php",
        "lang": "vi",
        "extraData": "{\"booking_id\":306,\"booking_code\":\"BK20251117713476\",\"user_name\":\"huytrong13\",\"user_email\":\"hytrongbeou@gmail.com\"}",
        "requestType": "captureWallet",
        "signature": "d293281a868bf211cbc673b05e07c50a6a5cdfc732a17ea030ec47ff61f19df7"
    }
}
--------------------------------------------------------------------------------
[2025-11-17 06:58:48] Create payment response
Data: {
    "partnerCode": "MOMOBKUN20180529",
    "orderId": "WEGO_306_1763359127",
    "requestId": "1763359127_306",
    "amount": 1680000,
    "responseTime": 1763359128050,
    "message": "Thành công.",
    "resultCode": 0,
    "payUrl": "https:\/\/test-payment.momo.vn\/v2\/gateway\/pay?t=TU9NT0JLVU4yMDE4MDUyOXxXRUdPXzMwNl8xNzYzMzU5MTI3&s=15dcfdd63a4d9cf9bf0ea09fa77be05b4ce61ce81cef47a47bef69625e3b0a9c",
    "deeplink": "momo:\/\/app?action=payWithApp&isScanQR=false&serviceType=app&sid=TU9NT0JLVU4yMDE4MDUyOXxXRUdPXzMwNl8xNzYzMzU5MTI3&v=3.0",
    "qrCodeUrl": "00020101021226110007vn.momo38620010A00000072701320006970454011899MM25321O000000660208QRIBFTTA5303704540716800005802VN62450515MMTzmSH8zL6gIQR0822WeGo  BK20251117713476630468E0",
    "applink": "https:\/\/test-applinks.momo.vn\/payment\/v2?action=payWithApp&isScanQR=false&serviceType=app&sid=TU9NT0JLVU4yMDE4MDUyOXxXRUdPXzMwNl8xNzYzMzU5MTI3&v=3.0&deeplinkCallback=http%3A%2F%2Flocalhost%2Fpayment%2Fmomo-return.php&callBackUrl=http%3A%2F%2Flocalhost%2Fpayment%2Fmomo-return.php",
    "deeplinkMiniApp": "momo:\/\/app?action=payWithApp&isScanQR=false&serviceType=miniapp&sid=TU9NT0JLVU4yMDE4MDUyOXxXRUdPXzMwNl8xNzYzMzU5MTI3&v=3.0",
    "signature": "749e7a3fb4edac7e90d9ad6d09b1340c9e27f3497c1f404d59f8626991af136c"
}
--------------------------------------------------------------------------------
[2025-11-17 06:59:14] Return URL accessed
Data: {
    "GET": {
        "partnerCode": "MOMOBKUN20180529",
        "orderId": "WEGO_306_1763359127",
        "requestId": "1763359127_306",
        "amount": "1680000",
        "orderInfo": "WeGo - BK20251117713476 - Studio bể bơi - Cao Bằng #141",
        "orderType": "momo_wallet",
        "transId": "4611988646",
        "resultCode": "0",
        "message": "Thành công.",
        "payType": "aio_qr",
        "responseTime": "1763359149881",
        "extraData": "{\"booking_id\":306,\"booking_code\":\"BK20251117713476\",\"user_name\":\"huytrong13\",\"user_email\":\"hytrongbeou@gmail.com\"}",
        "signature": "51fdfdc360caf3d0184f988caf543f99af12322224a9ab550656ff4857fbb73b"
    },
    "session_user_id": "86"
}
--------------------------------------------------------------------------------
[2025-11-17 06:59:14] Verify signature
Data: {
    "momoSignature": "51fdfdc360caf3d0184f988caf543f99af12322224a9ab550656ff4857fbb73b",
    "partnerSignature": "51fdfdc360caf3d0184f988caf543f99af12322224a9ab550656ff4857fbb73b",
    "isValid": true,
    "rawHash": "accessKey=klm05TvNBzhg7h7j&amount=1680000&extraData={\"booking_id\":306,\"booking_code\":\"BK20251117713476\",\"user_name\":\"huytrong13\",\"user_email\":\"hytrongbeou@gmail.com\"}&message=Thành công.&orderId=WEGO_306_1763359127&orderInfo=WeGo - BK20251117713476 - Studio bể bơi - Cao Bằng #141&orderType=momo_wallet&partnerCode=MOMOBKUN20180529&payType=aio_qr&requestId=1763359127_306&responseTime=1763359149881&resultCode=0&transId=4611988646"
}
--------------------------------------------------------------------------------
[2025-11-17 06:59:14] Return URL - Payment successful
Data: {
    "bookingId": 306,
    "orderId": "WEGO_306_1763359127",
    "transId": "4611988646",
    "amount": "1680000"
}
--------------------------------------------------------------------------------
